GROUP,PACKAGE,CLASS,INSTRUCTION_MISSED,INSTRUCTION_COVERED,BRANCH_MISSED,BRANCH_COVERED,LINE_MISSED,LINE_COVERED,COMPLEXITY_MISSED,COMPLEXITY_COVERED,METHOD_MISSED,METHOD_COVERED
software-testing-lab3,zoo,BudgetRequest.Status,0,21,0,0,0,1,0,1,0,1
software-testing-lab3,zoo,Budget,4,93,1,3,1,25,2,14,1,13
software-testing-lab3,zoo,Order,4,45,2,2,1,14,3,7,1,7
software-testing-lab3,zoo,BudgetRequest,6,47,0,0,2,18,2,8,2,8
software-testing-lab3,zoo,ZooManagementSystem,23,341,6,18,4,74,7,29,1,23
software-testing-lab3,zoo,FeedStock,10,29,0,0,3,10,2,5,2,5
